<?xml version="1.0" encoding="UTF-8"?>
<!-- Generated by org.testng.reporters.JUnitXMLReporter -->
<testsuite ignored="1" hostname="DESKTOP-15REK30" failures="0" tests="1" name="Test1" time="22.024" errors="0" timestamp="2025-09-15T16:32:26 IST">
  <testcase classname="com.crm.CreateContTng.CreateContactTest" name="CreatecontactLn" time="7.112"/>
  <testcase classname="com.crm.CreateContTng.CreateContactTest" name="createContactwithsuppdate" time="0.0">
    <ignored/>
  </testcase> <!-- createContactwithsuppdate -->
</testsuite> <!-- Test1 -->
