<?xml version="1.0" encoding="UTF-8"?>
<!-- Generated by org.testng.reporters.JUnitXMLReporter -->
<testsuite ignored="2" hostname="DESKTOP-15REK30" failures="0" tests="4" name="TestRunner-Chrome" time="54.666" errors="0" timestamp="2025-09-08T13:22:37 IST">
  <testcase classname="com.crm.CreateContTng.CreateContactTest" name="CreatecontactLn" time="8.226"/>
  <testcase classname="com.crm.CreateContTng.CreateContactTest" name="createContactwithsuppdate" time="5.412"/>
  <testcase classname="com.crm.CreateOrgTng.CreateOrgTest" name="CreateorgwithPhoneNo" time="6.472"/>
  <testcase classname="com.crm.CreateOrgTng.CreateOrgTest" name="createContact" time="5.442"/>
  <testcase classname="com.crm.GenericBaseUtility.BaseClass" name="@AfterSuite AS" time="0.0">
    <ignored/>
  </testcase> <!-- @AfterSuite AS -->
  <testcase classname="com.crm.GenericBaseUtility.BaseClass" name="@BeforeSuite BS" time="0.0">
    <ignored/>
  </testcase> <!-- @BeforeSuite BS -->
</testsuite> <!-- TestRunner-Chrome -->
