<?xml version="1.0" encoding="UTF-8"?>
<!-- Generated by org.testng.reporters.JUnitXMLReporter -->
<testsuite ignored="2" hostname="DESKTOP-15REK30" failures="0" tests="4" name="TestRunner-Chrome" time="45.753" errors="0" timestamp="2025-09-25T13:30:55 IST">
  <testcase classname="com.crm.CreateContTng.CreateContactTest" name="CreatecontactLn" time="6.231"/>
  <testcase classname="com.crm.CreateContTng.CreateContactTest" name="createContactwithsuppdate" time="5.695"/>
  <testcase classname="com.crm.CreateOrgTng.CreateOrgTest" name="CreateorgwithPhoneNo" time="5.757"/>
  <testcase classname="com.crm.CreateOrgTng.CreateOrgTest" name="createContact" time="6.677"/>
  <testcase classname="com.crm.GenericBaseUtility.BaseClass" name="@AfterSuite AS" time="0.0">
    <ignored/>
  </testcase> <!-- @AfterSuite AS -->
  <testcase classname="com.crm.GenericBaseUtility.BaseClass" name="@BeforeSuite BS" time="0.0">
    <ignored/>
  </testcase> <!-- @BeforeSuite BS -->
</testsuite> <!-- TestRunner-Chrome -->
