<?xml version="1.0" encoding="UTF-8"?>
<!-- Generated by org.testng.reporters.JUnitXMLReporter -->
<testsuite ignored="1" hostname="DESKTOP-15REK30" failures="0" tests="1" name="Test1" time="15.525" errors="0" timestamp="2025-09-25T13:23:09 IST">
  <testcase classname="com.crm.CreateContTng.CreateContactTest" name="CreatecontactLn" time="6.791"/>
  <testcase classname="com.crm.CreateContTng.CreateContactTest" name="createContactwithsuppdate" time="0.0">
    <ignored/>
  </testcase> <!-- createContactwithsuppdate -->
</testsuite> <!-- Test1 -->
