<?xml version="1.0" encoding="UTF-8"?>
<!-- Generated by org.testng.reporters.JUnitXMLReporter -->
<testsuite ignored="1" hostname="DESKTOP-15REK30" failures="0" tests="1" name="Test2" time="22.024" errors="0" timestamp="2025-09-15T16:32:26 IST">
  <testcase classname="com.crm.CreateOrgTng.CreateOrgTest" name="createContact" time="7.046"/>
  <testcase classname="com.crm.CreateOrgTng.CreateOrgTest" name="CreateorgwithPhoneNo" time="0.0">
    <ignored/>
  </testcase> <!-- CreateorgwithPhoneNo -->
</testsuite> <!-- Test2 -->
