<?xml version="1.0" encoding="UTF-8"?>
<!-- Generated by org.testng.reporters.JUnitXMLReporter -->
<testsuite ignored="2" hostname="DESKTOP-15REK30" failures="0" tests="4" name="Test" time="34.678" errors="0" timestamp="2025-09-27T12:53:58 IST">
  <testcase classname="com.crm.CreateOrgTng.CreateOrgTest" name="CreateorgwithPhoneNo" time="5.454"/>
  <testcase classname="com.crm.CreateOrgTng.CreateOrgTest" name="createContact" time="5.498"/>
  <testcase classname="com.crm.CreateContTng.CreateContactTest" name="CreatecontactLn" time="5.841"/>
  <testcase classname="com.crm.CreateContTng.CreateContactTest" name="createContactwithsuppdate" time="4.447"/>
  <testcase classname="com.crm.GenericBaseUtility.BaseClass" name="@AfterSuite AS" time="0.0">
    <ignored/>
  </testcase> <!-- @AfterSuite AS -->
  <testcase classname="com.crm.GenericBaseUtility.BaseClass" name="@BeforeSuite BS" time="0.0">
    <ignored/>
  </testcase> <!-- @BeforeSuite BS -->
</testsuite> <!-- Test -->
