<?xml version="1.0" encoding="UTF-8"?>
<!-- Generated by org.testng.reporters.JUnitXMLReporter -->
<testsuite ignored="1" hostname="DESKTOP-15REK30" failures="0" tests="1" name="Test2" time="15.568" errors="0" timestamp="2025-09-25T13:23:09 IST">
  <testcase classname="com.crm.CreateOrgTng.CreateOrgTest" name="createContact" time="6.765"/>
  <testcase classname="com.crm.CreateOrgTng.CreateOrgTest" name="CreateorgwithPhoneNo" time="0.0">
    <ignored/>
  </testcase> <!-- CreateorgwithPhoneNo -->
</testsuite> <!-- Test2 -->
