<?xml version="1.0" encoding="UTF-8"?>
<testng-results ignored="0" total="2" passed="1" failed="1" skipped="0">
  <reporter-output>
  </reporter-output>
  <suite started-at="2025-09-27T13:04:39 IST" name="Default suite" finished-at="2025-09-27T13:04:55 IST" duration-ms="16517">
    <groups>
      <group name="regressionTest">
        <method signature="CreateOrgTest.CreateorgwithPhoneNo()[pri:0, instance:com.crm.CreateOrgTng.CreateOrgTest@3fc2959f]" name="CreateorgwithPhoneNo" class="com.crm.CreateOrgTng.CreateOrgTest"/>
      </group> <!-- regressionTest -->
      <group name="smoke Test">
        <method signature="CreateOrgTest.createContact()[pri:0, instance:com.crm.CreateOrgTng.CreateOrgTest@3fc2959f]" name="createContact" class="com.crm.CreateOrgTng.CreateOrgTest"/>
      </group> <!-- smoke Test -->
    </groups>
    <test started-at="2025-09-27T13:04:39 IST" name="Default test" finished-at="2025-09-27T13:04:55 IST" duration-ms="16517">
      <class name="com.crm.CreateOrgTng.CreateOrgTest">
        <test-method is-config="true" signature="BS()[pri:0, instance:com.crm.CreateOrgTng.CreateOrgTest@3fc2959f]" started-at="2025-09-27T13:04:38 IST" name="BS" finished-at="2025-09-27T13:04:39 IST" duration-ms="751" status="PASS">
          <reporter-output>
          </reporter-output>
        </test-method> <!-- BS -->
        <test-method is-config="true" signature="BC()[pri:0, instance:com.crm.CreateOrgTng.CreateOrgTest@3fc2959f]" started-at="2025-09-27T13:04:39 IST" name="BC" finished-at="2025-09-27T13:04:41 IST" duration-ms="2379" status="PASS">
          <reporter-output>
          </reporter-output>
        </test-method> <!-- BC -->
        <test-method is-config="true" signature="BM()[pri:0, instance:com.crm.CreateOrgTng.CreateOrgTest@3fc2959f]" started-at="2025-09-27T13:04:41 IST" name="BM" finished-at="2025-09-27T13:04:46 IST" duration-ms="4351" status="PASS">
          <reporter-output>
          </reporter-output>
        </test-method> <!-- BM -->
        <test-method signature="CreateorgwithPhoneNo()[pri:0, instance:com.crm.CreateOrgTng.CreateOrgTest@3fc2959f]" started-at="2025-09-27T13:04:46 IST" name="CreateorgwithPhoneNo" finished-at="2025-09-27T13:04:51 IST" duration-ms="4957" status="PASS">
          <reporter-output>
          </reporter-output>
        </test-method> <!-- CreateorgwithPhoneNo -->
        <test-method is-config="true" signature="AM()[pri:0, instance:com.crm.CreateOrgTng.CreateOrgTest@3fc2959f]" started-at="2025-09-27T13:04:51 IST" name="AM" finished-at="2025-09-27T13:04:51 IST" duration-ms="769" status="PASS">
          <reporter-output>
          </reporter-output>
        </test-method> <!-- AM -->
        <test-method is-config="true" signature="BM()[pri:0, instance:com.crm.CreateOrgTng.CreateOrgTest@3fc2959f]" started-at="2025-09-27T13:04:51 IST" name="BM" finished-at="2025-09-27T13:04:52 IST" duration-ms="637" status="PASS">
          <reporter-output>
          </reporter-output>
        </test-method> <!-- BM -->
        <test-method signature="createContact()[pri:0, instance:com.crm.CreateOrgTng.CreateOrgTest@3fc2959f]" started-at="2025-09-27T13:04:52 IST" name="createContact" finished-at="2025-09-27T13:04:52 IST" duration-ms="8" status="FAIL">
          <exception class="java.lang.NullPointerException">
            <message>
              <![CDATA[Cannot invoke "com.aventstack.extentreports.ExtentTest.log(com.aventstack.extentreports.Status, String)" because the return value of "com.comcast.gereric.webdriverutility.UtilityClassObject.getTest()" is null]]>
            </message>
            <full-stacktrace>
              <![CDATA[java.lang.NullPointerException: Cannot invoke "com.aventstack.extentreports.ExtentTest.log(com.aventstack.extentreports.Status, String)" because the return value of "com.comcast.gereric.webdriverutility.UtilityClassObject.getTest()" is null
at com.crm.CreateOrgTng.CreateOrgTest.createContact(CreateOrgTest.java:19)
at java.base/jdk.internal.reflect.DirectMethodHandleAccessor.invoke(DirectMethodHandleAccessor.java:103)
at java.base/java.lang.reflect.Method.invoke(Method.java:580)
at org.testng.internal.invokers.MethodInvocationHelper.invokeMethod(MethodInvocationHelper.java:141)
at org.testng.internal.invokers.TestInvoker.invokeMethod(TestInvoker.java:686)
at org.testng.internal.invokers.TestInvoker.invokeTestMethod(TestInvoker.java:230)
at org.testng.internal.invokers.MethodRunner.runInSequence(MethodRunner.java:63)
at org.testng.internal.invokers.TestInvoker$MethodInvocationAgent.invoke(TestInvoker.java:992)
at org.testng.internal.invokers.TestInvoker.invokeTestMethods(TestInvoker.java:203)
at org.testng.internal.invokers.TestMethodWorker.invokeTestMethods(TestMethodWorker.java:154)
at org.testng.internal.invokers.TestMethodWorker.run(TestMethodWorker.java:134)
at java.base/java.util.ArrayList.forEach(ArrayList.java:1596)
at org.testng.TestRunner.privateRun(TestRunner.java:739)
at org.testng.TestRunner.run(TestRunner.java:614)
at org.testng.SuiteRunner.runTest(SuiteRunner.java:421)
at org.testng.SuiteRunner.runSequentially(SuiteRunner.java:413)
at org.testng.SuiteRunner.privateRun(SuiteRunner.java:373)
at org.testng.SuiteRunner.run(SuiteRunner.java:312)
at org.testng.SuiteRunnerWorker.runSuite(SuiteRunnerWorker.java:52)
at org.testng.SuiteRunnerWorker.run(SuiteRunnerWorker.java:95)
at org.testng.TestNG.runSuitesSequentially(TestNG.java:1274)
at org.testng.TestNG.runSuitesLocally(TestNG.java:1208)
at org.testng.TestNG.runSuites(TestNG.java:1112)
at org.testng.TestNG.run(TestNG.java:1079)
at org.testng.remote.AbstractRemoteTestNG.run(AbstractRemoteTestNG.java:115)
at org.testng.remote.RemoteTestNG.initAndRun(RemoteTestNG.java:293)
at org.testng.remote.RemoteTestNG.main(RemoteTestNG.java:91)
]]>
            </full-stacktrace>
          </exception> <!-- java.lang.NullPointerException -->
          <reporter-output>
          </reporter-output>
        </test-method> <!-- createContact -->
        <test-method is-config="true" signature="AM()[pri:0, instance:com.crm.CreateOrgTng.CreateOrgTest@3fc2959f]" started-at="2025-09-27T13:04:52 IST" name="AM" finished-at="2025-09-27T13:04:55 IST" duration-ms="2793" status="PASS">
          <reporter-output>
          </reporter-output>
        </test-method> <!-- AM -->
        <test-method is-config="true" signature="AC()[pri:0, instance:com.crm.CreateOrgTng.CreateOrgTest@3fc2959f]" started-at="2025-09-27T13:04:55 IST" name="AC" finished-at="2025-09-27T13:04:55 IST" duration-ms="518" status="PASS">
          <reporter-output>
          </reporter-output>
        </test-method> <!-- AC -->
        <test-method is-config="true" signature="AS()[pri:0, instance:com.crm.CreateOrgTng.CreateOrgTest@3fc2959f]" started-at="2025-09-27T13:04:55 IST" name="AS" finished-at="2025-09-27T13:04:55 IST" duration-ms="0" status="PASS">
          <reporter-output>
          </reporter-output>
        </test-method> <!-- AS -->
      </class> <!-- com.crm.CreateOrgTng.CreateOrgTest -->
    </test> <!-- Default test -->
  </suite> <!-- Default suite -->
</testng-results>
